2014-10-23 09:51:47,820 ElcRate.java                  [ 592] INFO  - :::: ElcRate Started ::::
2014-10-23 09:51:47,826 ElcRate.java                  [ 603] INFO  - ElcRate Build ElcRate V1.5.2.1, Build 001 (20140508)
2014-10-23 09:51:48,161 C3P0DataSource.java           [ 181] INFO  - Creating DataSource <eOneRateDB> using driver <oracle.jdbc.driver.OracleDriver> from URL <jdbc:oracle:thin:@(DESCRIPTION=(ADDRESS=(PROTOCOL=TCP)(HOST=192.168.6.207)(PORT=1521))(CONNECT_DATA=(SERVER=dedicated)(SERVICE_NAME=EONERATE)))>
2014-10-23 09:51:48,665 DataSourceFactory.java        [ 190] INFO  - Successfully created DataSource <eOneRateDB>
2014-10-23 09:51:48,668 ElcRateSocket.java            [ 155] INFO  - Listener on port <8086> is running...
2014-10-23 09:51:48,672 CacheFactory.java             [ 173] INFO  - Starting CacheFactory initialisation
2014-10-23 09:51:48,672 CacheFactory.java             [ 222] INFO  - Loading Cacheable Class <PrefixCache>...
2014-10-23 09:51:48,675 AbstractSyncLoaderCache.java  [ 214] INFO  - Starting cache loading for <PrefixCache>
2014-10-23 09:51:48,676 BestMatchCache.java           [ 156] INFO  - Starting Best Match Cache Loading from File for cache <PrefixCache>
2014-10-23 09:51:48,679 BestMatchCache.java           [ 257] INFO  - Best Match Data Loading completed. <247> configuration lines loaded for <PrefixCache > from <configData/prefixdesc.dat>
2014-10-23 09:51:48,679 BestMatchCache.java           [ 261] INFO  - Loaded <3> base fields and <0> additional data fields
2014-10-23 09:51:48,679 CacheFactory.java             [ 246] INFO  - Loaded  Cacheable Class <PrefixCache>...
2014-10-23 09:51:48,680 CacheFactory.java             [ 411] INFO  - Cache <PrefixCache> is set to auto reload with a period of <0>
2014-10-23 09:51:48,680 CacheFactory.java             [ 431] INFO  - Created Cacheable Class <PrefixCache>
2014-10-23 09:51:48,680 CacheFactory.java             [ 479] INFO  - CacheFactory initialised in 8ms.
2014-10-23 09:51:48,684 Pipeline.java                 [ 316] INFO  - *** Constructing Batch pipeline <Reformat2Pipe> ***
2014-10-23 09:51:48,688 TransactionManager.java       [ 172] INFO  - Starting TransactionManager initialisation for pipeline <Reformat2Pipe>
2014-10-23 09:51:48,690 TransactionManager.java       [ 206] INFO  - TransactionManager initialised
2014-10-23 10:01:31,794 ElcRate.java                  [ 592] INFO  - :::: ElcRate Started ::::
2014-10-23 10:01:31,797 ElcRate.java                  [ 603] INFO  - ElcRate Build ElcRate V1.5.2.1, Build 001 (20140508)
2014-10-23 10:01:32,068 C3P0DataSource.java           [ 181] INFO  - Creating DataSource <eOneRateDB> using driver <oracle.jdbc.driver.OracleDriver> from URL <jdbc:oracle:thin:@(DESCRIPTION=(ADDRESS=(PROTOCOL=TCP)(HOST=192.168.6.207)(PORT=1521))(CONNECT_DATA=(SERVER=dedicated)(SERVICE_NAME=EONERATE)))>
2014-10-23 10:01:32,627 DataSourceFactory.java        [ 190] INFO  - Successfully created DataSource <eOneRateDB>
2014-10-23 10:01:32,631 ElcRateSocket.java            [ 155] INFO  - Listener on port <8086> is running...
2014-10-23 10:01:32,634 CacheFactory.java             [ 173] INFO  - Starting CacheFactory initialisation
2014-10-23 10:01:32,635 CacheFactory.java             [ 222] INFO  - Loading Cacheable Class <PrefixCache>...
2014-10-23 10:01:32,638 AbstractSyncLoaderCache.java  [ 214] INFO  - Starting cache loading for <PrefixCache>
2014-10-23 10:01:32,638 BestMatchCache.java           [ 156] INFO  - Starting Best Match Cache Loading from File for cache <PrefixCache>
2014-10-23 10:01:32,641 BestMatchCache.java           [ 257] INFO  - Best Match Data Loading completed. <247> configuration lines loaded for <PrefixCache > from <configData/prefixdesc.dat>
2014-10-23 10:01:32,642 BestMatchCache.java           [ 261] INFO  - Loaded <3> base fields and <0> additional data fields
2014-10-23 10:01:32,642 CacheFactory.java             [ 246] INFO  - Loaded  Cacheable Class <PrefixCache>...
2014-10-23 10:01:32,643 CacheFactory.java             [ 411] INFO  - Cache <PrefixCache> is set to auto reload with a period of <0>
2014-10-23 10:01:32,643 CacheFactory.java             [ 431] INFO  - Created Cacheable Class <PrefixCache>
2014-10-23 10:01:32,643 CacheFactory.java             [ 479] INFO  - CacheFactory initialised in 9ms.
2014-10-23 10:01:32,647 Pipeline.java                 [ 316] INFO  - *** Constructing Batch pipeline <Reformat2Pipe> ***
2014-10-23 10:01:32,652 TransactionManager.java       [ 172] INFO  - Starting TransactionManager initialisation for pipeline <Reformat2Pipe>
2014-10-23 10:01:32,653 TransactionManager.java       [ 206] INFO  - TransactionManager initialised
2014-10-23 10:09:08,190 ElcRate.java                  [ 592] INFO  - :::: ElcRate Started ::::
2014-10-23 10:09:08,193 ElcRate.java                  [ 603] INFO  - ElcRate Build ElcRate V1.5.2.1, Build 001 (20140508)
2014-10-23 10:09:08,447 C3P0DataSource.java           [ 181] INFO  - Creating DataSource <eOneRateDB> using driver <oracle.jdbc.driver.OracleDriver> from URL <jdbc:oracle:thin:@(DESCRIPTION=(ADDRESS=(PROTOCOL=TCP)(HOST=192.168.6.207)(PORT=1521))(CONNECT_DATA=(SERVER=dedicated)(SERVICE_NAME=EONERATE)))>
2014-10-23 10:09:09,025 DataSourceFactory.java        [ 190] INFO  - Successfully created DataSource <eOneRateDB>
2014-10-23 10:09:09,028 ElcRateSocket.java            [ 155] INFO  - Listener on port <8086> is running...
2014-10-23 10:09:09,032 CacheFactory.java             [ 173] INFO  - Starting CacheFactory initialisation
2014-10-23 10:09:09,032 CacheFactory.java             [ 222] INFO  - Loading Cacheable Class <PrefixCache>...
2014-10-23 10:09:09,035 AbstractSyncLoaderCache.java  [ 214] INFO  - Starting cache loading for <PrefixCache>
2014-10-23 10:09:09,036 BestMatchCache.java           [ 156] INFO  - Starting Best Match Cache Loading from File for cache <PrefixCache>
2014-10-23 10:09:09,039 BestMatchCache.java           [ 257] INFO  - Best Match Data Loading completed. <247> configuration lines loaded for <PrefixCache > from <configData/prefixdesc.dat>
2014-10-23 10:09:09,039 BestMatchCache.java           [ 261] INFO  - Loaded <3> base fields and <0> additional data fields
2014-10-23 10:09:09,039 CacheFactory.java             [ 246] INFO  - Loaded  Cacheable Class <PrefixCache>...
2014-10-23 10:09:09,039 CacheFactory.java             [ 411] INFO  - Cache <PrefixCache> is set to auto reload with a period of <0>
2014-10-23 10:09:09,040 CacheFactory.java             [ 431] INFO  - Created Cacheable Class <PrefixCache>
2014-10-23 10:09:09,040 CacheFactory.java             [ 479] INFO  - CacheFactory initialised in 8ms.
2014-10-23 10:09:09,044 Pipeline.java                 [ 316] INFO  - *** Constructing Batch pipeline <Reformat2Pipe> ***
2014-10-23 10:09:09,050 TransactionManager.java       [ 172] INFO  - Starting TransactionManager initialisation for pipeline <Reformat2Pipe>
2014-10-23 10:09:09,051 TransactionManager.java       [ 206] INFO  - TransactionManager initialised
2014-10-23 11:34:30,890 ElcRate.java                  [ 592] INFO  - :::: ElcRate Started ::::
2014-10-23 11:34:30,941 ElcRate.java                  [ 603] INFO  - ElcRate Build ElcRate V1.5.2.1, Build 001 (20140508)
2014-10-23 11:34:31,268 C3P0DataSource.java           [ 181] INFO  - Creating DataSource <eOneRateDB> using driver <oracle.jdbc.driver.OracleDriver> from URL <jdbc:oracle:thin:@(DESCRIPTION=(ADDRESS=(PROTOCOL=TCP)(HOST=192.168.6.207)(PORT=1521))(CONNECT_DATA=(SERVER=dedicated)(SERVICE_NAME=EONERATE)))>
2014-10-23 11:34:31,869 DataSourceFactory.java        [ 190] INFO  - Successfully created DataSource <eOneRateDB>
2014-10-23 11:34:31,873 ElcRateSocket.java            [ 155] INFO  - Listener on port <8086> is running...
2014-10-23 11:34:31,877 CacheFactory.java             [ 173] INFO  - Starting CacheFactory initialisation
2014-10-23 11:34:31,878 CacheFactory.java             [ 222] INFO  - Loading Cacheable Class <PrefixCache>...
2014-10-23 11:34:31,882 AbstractSyncLoaderCache.java  [ 214] INFO  - Starting cache loading for <PrefixCache>
2014-10-23 11:34:31,883 BestMatchCache.java           [ 156] INFO  - Starting Best Match Cache Loading from File for cache <PrefixCache>
2014-10-23 11:34:31,886 BestMatchCache.java           [ 257] INFO  - Best Match Data Loading completed. <247> configuration lines loaded for <PrefixCache > from <configData/prefixdesc.dat>
2014-10-23 11:34:31,887 BestMatchCache.java           [ 261] INFO  - Loaded <3> base fields and <0> additional data fields
2014-10-23 11:34:31,887 CacheFactory.java             [ 246] INFO  - Loaded  Cacheable Class <PrefixCache>...
2014-10-23 11:34:31,887 CacheFactory.java             [ 411] INFO  - Cache <PrefixCache> is set to auto reload with a period of <0>
2014-10-23 11:34:31,888 CacheFactory.java             [ 431] INFO  - Created Cacheable Class <PrefixCache>
2014-10-23 11:34:31,888 CacheFactory.java             [ 479] INFO  - CacheFactory initialised in 11ms.
2014-10-23 11:34:31,892 Pipeline.java                 [ 316] INFO  - *** Constructing Batch pipeline <Reformat2Pipe> ***
2014-10-23 11:34:31,898 TransactionManager.java       [ 172] INFO  - Starting TransactionManager initialisation for pipeline <Reformat2Pipe>
2014-10-23 11:34:31,900 TransactionManager.java       [ 206] INFO  - TransactionManager initialised
