2014-10-23 09:51:47,820 ElcRate.java                  [ 592] INFO  - :::: ElcRate Started ::::
2014-10-23 09:51:47,826 ElcRate.java                  [ 603] INFO  - ElcRate Build ElcRate V1.5.2.1, Build 001 (20140508)
2014-10-23 09:51:47,853 MLog.java                     [  80] INFO  - MLog clients using log4j logging.
2014-10-23 09:51:48,125 C3P0Registry.java             [ 204] INFO  - Initializing c3p0-0.9.1.2 [built 21-May-2007 15:04:56; debug? true; trace: 10]
2014-10-23 09:51:48,161 C3P0DataSource.java           [ 181] INFO  - Creating DataSource <eOneRateDB> using driver <oracle.jdbc.driver.OracleDriver> from URL <jdbc:oracle:thin:@(DESCRIPTION=(ADDRESS=(PROTOCOL=TCP)(HOST=192.168.6.207)(PORT=1521))(CONNECT_DATA=(SERVER=dedicated)(SERVICE_NAME=EONERATE)))>
2014-10-23 09:51:48,268 AbstractPoolBackedDataSource.java[ 462] INFO  - Initializing c3p0 pool... com.mchange.v2.c3p0.ComboPooledDataSource [ acquireIncrement -> 3, acquireRetryAttempts -> 30, acquireRetryDelay -> 1000, autoCommitOnClose -> false, automaticTestTable -> null, breakAfterAcquireFailure -> false, checkoutTimeout -> 5000, connectionCustomizerClassName -> null, connectionTesterClassName -> com.mchange.v2.c3p0.impl.DefaultConnectionTester, dataSourceName -> 1hge2e995gciaf22no3g4|2957fcb0, debugUnreturnedConnectionStackTraces -> false, description -> null, driverClass -> oracle.jdbc.driver.OracleDriver, factoryClassLocation -> null, forceIgnoreUnresolvedTransactions -> false, identityToken -> 1hge2e995gciaf22no3g4|2957fcb0, idleConnectionTestPeriod -> 60, initialPoolSize -> 3, jdbcUrl -> jdbc:oracle:thin:@(DESCRIPTION=(ADDRESS=(PROTOCOL=TCP)(HOST=192.168.6.207)(PORT=1521))(CONNECT_DATA=(SERVER=dedicated)(SERVICE_NAME=EONERATE))), maxAdministrativeTaskTime -> 0, maxConnectionAge -> 0, maxIdleTime -> 5, maxIdleTimeExcessConnections -> 0, maxPoolSize -> 10, maxStatements -> 25, maxStatementsPerConnection -> 25, minPoolSize -> 3, numHelperThreads -> 3, numThreadsAwaitingCheckoutDefaultUser -> 0, preferredTestQuery -> SELECT 1 FROM DUAL, properties -> {user=******, password=******}, propertyCycle -> 0, testConnectionOnCheckin -> true, testConnectionOnCheckout -> false, unreturnedConnectionTimeout -> 0, usesTraditionalReflectiveProxies -> false ]
2014-10-23 09:51:48,665 DataSourceFactory.java        [ 190] INFO  - Successfully created DataSource <eOneRateDB>
2014-10-23 09:51:48,668 ElcRateSocket.java            [ 155] INFO  - Listener on port <8086> is running...
2014-10-23 09:51:48,672 CacheFactory.java             [ 173] INFO  - Starting CacheFactory initialisation
2014-10-23 09:51:48,672 CacheFactory.java             [ 222] INFO  - Loading Cacheable Class <PrefixCache>...
2014-10-23 09:51:48,675 AbstractSyncLoaderCache.java  [ 214] INFO  - Starting cache loading for <PrefixCache>
2014-10-23 09:51:48,676 BestMatchCache.java           [ 156] INFO  - Starting Best Match Cache Loading from File for cache <PrefixCache>
2014-10-23 09:51:48,679 BestMatchCache.java           [ 257] INFO  - Best Match Data Loading completed. <247> configuration lines loaded for <PrefixCache > from <configData/prefixdesc.dat>
2014-10-23 09:51:48,679 BestMatchCache.java           [ 261] INFO  - Loaded <3> base fields and <0> additional data fields
2014-10-23 09:51:48,679 CacheFactory.java             [ 246] INFO  - Loaded  Cacheable Class <PrefixCache>...
2014-10-23 09:51:48,680 CacheFactory.java             [ 411] INFO  - Cache <PrefixCache> is set to auto reload with a period of <0>
2014-10-23 09:51:48,680 CacheFactory.java             [ 431] INFO  - Created Cacheable Class <PrefixCache>
2014-10-23 09:51:48,680 CacheFactory.java             [ 479] INFO  - CacheFactory initialised in 8ms.
2014-10-23 09:51:48,684 Pipeline.java                 [ 316] INFO  - *** Constructing Batch pipeline <Reformat2Pipe> ***
2014-10-23 09:51:48,688 TransactionManager.java       [ 172] INFO  - Starting TransactionManager initialisation for pipeline <Reformat2Pipe>
2014-10-23 09:51:48,689 TransactionManager.java       [ 360] INFO  - Request Start for Transaction manager.
2014-10-23 09:51:48,690 TransactionManager.java       [ 206] INFO  - TransactionManager initialised
2014-10-23 09:53:23,820 JDBCInputAdapter.java         [1134] INFO  - Input  <DBInpAdapter> found <13> events for processing
2014-10-23 09:53:23,854 TransactionManager.java       [ 228] INFO  - Opened transaction <1> for pipeline <Reformat2Pipe>
2014-10-23 09:53:23,855 TransactionManager.java       [ 229] INFO  - Opened transaction <1> for pipeline <Reformat2Pipe>
2014-10-23 09:53:23,973 AbstractOutputAdapter.java    [ 457] INFO  - Output <SOutAdapter> persisted <15> events from a batch of <15> events in <49> ms
2014-10-23 09:53:23,980 TransactionManager.java       [ 265] INFO  - Transaction <1> closed
2014-10-23 09:53:23,980 TransactionManager.java       [ 266] INFO  - Transaction <1> closed
2014-10-23 09:53:23,980 TransactionManager.java       [ 267] INFO  - Statistics: Records  <13>
2014-10-23 09:53:23,981 TransactionManager.java       [ 268] INFO  -             Duration <126> ms
2014-10-23 09:53:23,981 TransactionManager.java       [ 270] INFO  -             Speed    <103> records /sec
2014-10-23 10:01:31,794 ElcRate.java                  [ 592] INFO  - :::: ElcRate Started ::::
2014-10-23 10:01:31,797 ElcRate.java                  [ 603] INFO  - ElcRate Build ElcRate V1.5.2.1, Build 001 (20140508)
2014-10-23 10:01:31,827 MLog.java                     [  80] INFO  - MLog clients using log4j logging.
2014-10-23 10:01:32,033 C3P0Registry.java             [ 204] INFO  - Initializing c3p0-0.9.1.2 [built 21-May-2007 15:04:56; debug? true; trace: 10]
2014-10-23 10:01:32,068 C3P0DataSource.java           [ 181] INFO  - Creating DataSource <eOneRateDB> using driver <oracle.jdbc.driver.OracleDriver> from URL <jdbc:oracle:thin:@(DESCRIPTION=(ADDRESS=(PROTOCOL=TCP)(HOST=192.168.6.207)(PORT=1521))(CONNECT_DATA=(SERVER=dedicated)(SERVICE_NAME=EONERATE)))>
2014-10-23 10:01:32,171 AbstractPoolBackedDataSource.java[ 462] INFO  - Initializing c3p0 pool... com.mchange.v2.c3p0.ComboPooledDataSource [ acquireIncrement -> 3, acquireRetryAttempts -> 30, acquireRetryDelay -> 1000, autoCommitOnClose -> false, automaticTestTable -> null, breakAfterAcquireFailure -> false, checkoutTimeout -> 5000, connectionCustomizerClassName -> null, connectionTesterClassName -> com.mchange.v2.c3p0.impl.DefaultConnectionTester, dataSourceName -> 1hge2e995gcut0e2l579f|2957fcb0, debugUnreturnedConnectionStackTraces -> false, description -> null, driverClass -> oracle.jdbc.driver.OracleDriver, factoryClassLocation -> null, forceIgnoreUnresolvedTransactions -> false, identityToken -> 1hge2e995gcut0e2l579f|2957fcb0, idleConnectionTestPeriod -> 60, initialPoolSize -> 3, jdbcUrl -> jdbc:oracle:thin:@(DESCRIPTION=(ADDRESS=(PROTOCOL=TCP)(HOST=192.168.6.207)(PORT=1521))(CONNECT_DATA=(SERVER=dedicated)(SERVICE_NAME=EONERATE))), maxAdministrativeTaskTime -> 0, maxConnectionAge -> 0, maxIdleTime -> 5, maxIdleTimeExcessConnections -> 0, maxPoolSize -> 10, maxStatements -> 25, maxStatementsPerConnection -> 25, minPoolSize -> 3, numHelperThreads -> 3, numThreadsAwaitingCheckoutDefaultUser -> 0, preferredTestQuery -> SELECT 1 FROM DUAL, properties -> {user=******, password=******}, propertyCycle -> 0, testConnectionOnCheckin -> true, testConnectionOnCheckout -> false, unreturnedConnectionTimeout -> 0, usesTraditionalReflectiveProxies -> false ]
2014-10-23 10:01:32,627 DataSourceFactory.java        [ 190] INFO  - Successfully created DataSource <eOneRateDB>
2014-10-23 10:01:32,631 ElcRateSocket.java            [ 155] INFO  - Listener on port <8086> is running...
2014-10-23 10:01:32,634 CacheFactory.java             [ 173] INFO  - Starting CacheFactory initialisation
2014-10-23 10:01:32,635 CacheFactory.java             [ 222] INFO  - Loading Cacheable Class <PrefixCache>...
2014-10-23 10:01:32,638 AbstractSyncLoaderCache.java  [ 214] INFO  - Starting cache loading for <PrefixCache>
2014-10-23 10:01:32,638 BestMatchCache.java           [ 156] INFO  - Starting Best Match Cache Loading from File for cache <PrefixCache>
2014-10-23 10:01:32,641 BestMatchCache.java           [ 257] INFO  - Best Match Data Loading completed. <247> configuration lines loaded for <PrefixCache > from <configData/prefixdesc.dat>
2014-10-23 10:01:32,642 BestMatchCache.java           [ 261] INFO  - Loaded <3> base fields and <0> additional data fields
2014-10-23 10:01:32,642 CacheFactory.java             [ 246] INFO  - Loaded  Cacheable Class <PrefixCache>...
2014-10-23 10:01:32,643 CacheFactory.java             [ 411] INFO  - Cache <PrefixCache> is set to auto reload with a period of <0>
2014-10-23 10:01:32,643 CacheFactory.java             [ 431] INFO  - Created Cacheable Class <PrefixCache>
2014-10-23 10:01:32,643 CacheFactory.java             [ 479] INFO  - CacheFactory initialised in 9ms.
2014-10-23 10:01:32,647 Pipeline.java                 [ 316] INFO  - *** Constructing Batch pipeline <Reformat2Pipe> ***
2014-10-23 10:01:32,652 TransactionManager.java       [ 172] INFO  - Starting TransactionManager initialisation for pipeline <Reformat2Pipe>
2014-10-23 10:01:32,652 TransactionManager.java       [ 360] INFO  - Request Start for Transaction manager.
2014-10-23 10:01:32,653 TransactionManager.java       [ 206] INFO  - TransactionManager initialised
2014-10-23 10:01:37,688 JDBCInputAdapter.java         [1134] INFO  - Input  <DBInpAdapter> found <13> events for processing
2014-10-23 10:01:37,731 TransactionManager.java       [ 228] INFO  - Opened transaction <1> for pipeline <Reformat2Pipe>
2014-10-23 10:01:37,731 TransactionManager.java       [ 229] INFO  - Opened transaction <1> for pipeline <Reformat2Pipe>
2014-10-23 10:01:37,812 AbstractOutputAdapter.java    [ 457] INFO  - Output <SOutAdapter> persisted <15> events from a batch of <15> events in <42> ms
2014-10-23 10:01:37,818 TransactionManager.java       [ 265] INFO  - Transaction <1> closed
2014-10-23 10:01:37,819 TransactionManager.java       [ 266] INFO  - Transaction <1> closed
2014-10-23 10:01:37,819 TransactionManager.java       [ 267] INFO  - Statistics: Records  <13>
2014-10-23 10:01:37,819 TransactionManager.java       [ 268] INFO  -             Duration <87> ms
2014-10-23 10:01:37,819 TransactionManager.java       [ 270] INFO  -             Speed    <149> records /sec
2014-10-23 10:09:08,190 ElcRate.java                  [ 592] INFO  - :::: ElcRate Started ::::
2014-10-23 10:09:08,193 ElcRate.java                  [ 603] INFO  - ElcRate Build ElcRate V1.5.2.1, Build 001 (20140508)
2014-10-23 10:09:08,221 MLog.java                     [  80] INFO  - MLog clients using log4j logging.
2014-10-23 10:09:08,409 C3P0Registry.java             [ 204] INFO  - Initializing c3p0-0.9.1.2 [built 21-May-2007 15:04:56; debug? true; trace: 10]
2014-10-23 10:09:08,447 C3P0DataSource.java           [ 181] INFO  - Creating DataSource <eOneRateDB> using driver <oracle.jdbc.driver.OracleDriver> from URL <jdbc:oracle:thin:@(DESCRIPTION=(ADDRESS=(PROTOCOL=TCP)(HOST=192.168.6.207)(PORT=1521))(CONNECT_DATA=(SERVER=dedicated)(SERVICE_NAME=EONERATE)))>
2014-10-23 10:09:08,632 AbstractPoolBackedDataSource.java[ 462] INFO  - Initializing c3p0 pool... com.mchange.v2.c3p0.ComboPooledDataSource [ acquireIncrement -> 3, acquireRetryAttempts -> 30, acquireRetryDelay -> 1000, autoCommitOnClose -> false, automaticTestTable -> null, breakAfterAcquireFailure -> false, checkoutTimeout -> 5000, connectionCustomizerClassName -> null, connectionTesterClassName -> com.mchange.v2.c3p0.impl.DefaultConnectionTester, dataSourceName -> 1hge2e995gd4l661accuql|2957fcb0, debugUnreturnedConnectionStackTraces -> false, description -> null, driverClass -> oracle.jdbc.driver.OracleDriver, factoryClassLocation -> null, forceIgnoreUnresolvedTransactions -> false, identityToken -> 1hge2e995gd4l661accuql|2957fcb0, idleConnectionTestPeriod -> 60, initialPoolSize -> 3, jdbcUrl -> jdbc:oracle:thin:@(DESCRIPTION=(ADDRESS=(PROTOCOL=TCP)(HOST=192.168.6.207)(PORT=1521))(CONNECT_DATA=(SERVER=dedicated)(SERVICE_NAME=EONERATE))), maxAdministrativeTaskTime -> 0, maxConnectionAge -> 0, maxIdleTime -> 5, maxIdleTimeExcessConnections -> 0, maxPoolSize -> 10, maxStatements -> 25, maxStatementsPerConnection -> 25, minPoolSize -> 3, numHelperThreads -> 3, numThreadsAwaitingCheckoutDefaultUser -> 0, preferredTestQuery -> SELECT 1 FROM DUAL, properties -> {user=******, password=******}, propertyCycle -> 0, testConnectionOnCheckin -> true, testConnectionOnCheckout -> false, unreturnedConnectionTimeout -> 0, usesTraditionalReflectiveProxies -> false ]
2014-10-23 10:09:09,025 DataSourceFactory.java        [ 190] INFO  - Successfully created DataSource <eOneRateDB>
2014-10-23 10:09:09,028 ElcRateSocket.java            [ 155] INFO  - Listener on port <8086> is running...
2014-10-23 10:09:09,032 CacheFactory.java             [ 173] INFO  - Starting CacheFactory initialisation
2014-10-23 10:09:09,032 CacheFactory.java             [ 222] INFO  - Loading Cacheable Class <PrefixCache>...
2014-10-23 10:09:09,035 AbstractSyncLoaderCache.java  [ 214] INFO  - Starting cache loading for <PrefixCache>
2014-10-23 10:09:09,036 BestMatchCache.java           [ 156] INFO  - Starting Best Match Cache Loading from File for cache <PrefixCache>
2014-10-23 10:09:09,039 BestMatchCache.java           [ 257] INFO  - Best Match Data Loading completed. <247> configuration lines loaded for <PrefixCache > from <configData/prefixdesc.dat>
2014-10-23 10:09:09,039 BestMatchCache.java           [ 261] INFO  - Loaded <3> base fields and <0> additional data fields
2014-10-23 10:09:09,039 CacheFactory.java             [ 246] INFO  - Loaded  Cacheable Class <PrefixCache>...
2014-10-23 10:09:09,039 CacheFactory.java             [ 411] INFO  - Cache <PrefixCache> is set to auto reload with a period of <0>
2014-10-23 10:09:09,040 CacheFactory.java             [ 431] INFO  - Created Cacheable Class <PrefixCache>
2014-10-23 10:09:09,040 CacheFactory.java             [ 479] INFO  - CacheFactory initialised in 8ms.
2014-10-23 10:09:09,044 Pipeline.java                 [ 316] INFO  - *** Constructing Batch pipeline <Reformat2Pipe> ***
2014-10-23 10:09:09,050 TransactionManager.java       [ 172] INFO  - Starting TransactionManager initialisation for pipeline <Reformat2Pipe>
2014-10-23 10:09:09,050 TransactionManager.java       [ 360] INFO  - Request Start for Transaction manager.
2014-10-23 10:09:09,051 TransactionManager.java       [ 206] INFO  - TransactionManager initialised
2014-10-23 10:09:14,083 JDBCInputAdapter.java         [1134] INFO  - Input  <DBInpAdapter> found <13> events for processing
2014-10-23 10:09:14,143 TransactionManager.java       [ 228] INFO  - Opened transaction <1> for pipeline <Reformat2Pipe>
2014-10-23 10:09:14,143 TransactionManager.java       [ 229] INFO  - Opened transaction <1> for pipeline <Reformat2Pipe>
2014-10-23 10:09:14,229 AbstractOutputAdapter.java    [ 457] INFO  - Output <SOutAdapter> persisted <15> events from a batch of <15> events in <51> ms
2014-10-23 10:09:14,232 TransactionManager.java       [ 265] INFO  - Transaction <1> closed
2014-10-23 10:09:14,233 TransactionManager.java       [ 266] INFO  - Transaction <1> closed
2014-10-23 10:09:14,233 TransactionManager.java       [ 267] INFO  - Statistics: Records  <13>
2014-10-23 10:09:14,233 TransactionManager.java       [ 268] INFO  -             Duration <89> ms
2014-10-23 10:09:14,233 TransactionManager.java       [ 270] INFO  -             Speed    <146> records /sec
2014-10-23 10:25:55,465 JDBCInputAdapter.java         [1134] INFO  - Input  <DBInpAdapter> found <10> events for processing
2014-10-23 10:25:55,494 TransactionManager.java       [ 228] INFO  - Opened transaction <2> for pipeline <Reformat2Pipe>
2014-10-23 10:25:55,496 TransactionManager.java       [ 229] INFO  - Opened transaction <2> for pipeline <Reformat2Pipe>
2014-10-23 10:25:55,535 AbstractOutputAdapter.java    [ 457] INFO  - Output <SOutAdapter> persisted <12> events from a batch of <12> events in <34> ms
2014-10-23 10:25:55,539 TransactionManager.java       [ 265] INFO  - Transaction <2> closed
2014-10-23 10:25:55,539 TransactionManager.java       [ 266] INFO  - Transaction <2> closed
2014-10-23 10:25:55,539 TransactionManager.java       [ 267] INFO  - Statistics: Records  <10>
2014-10-23 10:25:55,539 TransactionManager.java       [ 268] INFO  -             Duration <45> ms
2014-10-23 10:25:55,539 TransactionManager.java       [ 270] INFO  -             Speed    <222> records /sec
2014-10-23 10:37:21,167 JDBCInputAdapter.java         [1134] INFO  - Input  <DBInpAdapter> found <10> events for processing
2014-10-23 10:37:21,245 TransactionManager.java       [ 228] INFO  - Opened transaction <3> for pipeline <Reformat2Pipe>
2014-10-23 10:37:21,245 TransactionManager.java       [ 229] INFO  - Opened transaction <3> for pipeline <Reformat2Pipe>
2014-10-23 10:37:21,273 AbstractOutputAdapter.java    [ 457] INFO  - Output <SOutAdapter> persisted <12> events from a batch of <12> events in <24> ms
2014-10-23 10:37:21,277 TransactionManager.java       [ 265] INFO  - Transaction <3> closed
2014-10-23 10:37:21,278 TransactionManager.java       [ 266] INFO  - Transaction <3> closed
2014-10-23 10:37:21,278 TransactionManager.java       [ 267] INFO  - Statistics: Records  <10>
2014-10-23 10:37:21,278 TransactionManager.java       [ 268] INFO  -             Duration <32> ms
2014-10-23 10:37:21,278 TransactionManager.java       [ 270] INFO  -             Speed    <312> records /sec
2014-10-23 11:34:30,890 ElcRate.java                  [ 592] INFO  - :::: ElcRate Started ::::
2014-10-23 11:34:30,941 ElcRate.java                  [ 603] INFO  - ElcRate Build ElcRate V1.5.2.1, Build 001 (20140508)
2014-10-23 11:34:30,979 MLog.java                     [  80] INFO  - MLog clients using log4j logging.
2014-10-23 11:34:31,224 C3P0Registry.java             [ 204] INFO  - Initializing c3p0-0.9.1.2 [built 21-May-2007 15:04:56; debug? true; trace: 10]
2014-10-23 11:34:31,268 C3P0DataSource.java           [ 181] INFO  - Creating DataSource <eOneRateDB> using driver <oracle.jdbc.driver.OracleDriver> from URL <jdbc:oracle:thin:@(DESCRIPTION=(ADDRESS=(PROTOCOL=TCP)(HOST=192.168.6.207)(PORT=1521))(CONNECT_DATA=(SERVER=dedicated)(SERVICE_NAME=EONERATE)))>
2014-10-23 11:34:31,401 AbstractPoolBackedDataSource.java[ 462] INFO  - Initializing c3p0 pool... com.mchange.v2.c3p0.ComboPooledDataSource [ acquireIncrement -> 3, acquireRetryAttempts -> 30, acquireRetryDelay -> 1000, autoCommitOnClose -> false, automaticTestTable -> null, breakAfterAcquireFailure -> false, checkoutTimeout -> 5000, connectionCustomizerClassName -> null, connectionTesterClassName -> com.mchange.v2.c3p0.impl.DefaultConnectionTester, dataSourceName -> 1hge2e995gg6dxps07bj4|2957fcb0, debugUnreturnedConnectionStackTraces -> false, description -> null, driverClass -> oracle.jdbc.driver.OracleDriver, factoryClassLocation -> null, forceIgnoreUnresolvedTransactions -> false, identityToken -> 1hge2e995gg6dxps07bj4|2957fcb0, idleConnectionTestPeriod -> 60, initialPoolSize -> 3, jdbcUrl -> jdbc:oracle:thin:@(DESCRIPTION=(ADDRESS=(PROTOCOL=TCP)(HOST=192.168.6.207)(PORT=1521))(CONNECT_DATA=(SERVER=dedicated)(SERVICE_NAME=EONERATE))), maxAdministrativeTaskTime -> 0, maxConnectionAge -> 0, maxIdleTime -> 5, maxIdleTimeExcessConnections -> 0, maxPoolSize -> 10, maxStatements -> 25, maxStatementsPerConnection -> 25, minPoolSize -> 3, numHelperThreads -> 3, numThreadsAwaitingCheckoutDefaultUser -> 0, preferredTestQuery -> SELECT 1 FROM DUAL, properties -> {user=******, password=******}, propertyCycle -> 0, testConnectionOnCheckin -> true, testConnectionOnCheckout -> false, unreturnedConnectionTimeout -> 0, usesTraditionalReflectiveProxies -> false ]
2014-10-23 11:34:31,869 DataSourceFactory.java        [ 190] INFO  - Successfully created DataSource <eOneRateDB>
2014-10-23 11:34:31,873 ElcRateSocket.java            [ 155] INFO  - Listener on port <8086> is running...
2014-10-23 11:34:31,877 CacheFactory.java             [ 173] INFO  - Starting CacheFactory initialisation
2014-10-23 11:34:31,878 CacheFactory.java             [ 222] INFO  - Loading Cacheable Class <PrefixCache>...
2014-10-23 11:34:31,882 AbstractSyncLoaderCache.java  [ 214] INFO  - Starting cache loading for <PrefixCache>
2014-10-23 11:34:31,883 BestMatchCache.java           [ 156] INFO  - Starting Best Match Cache Loading from File for cache <PrefixCache>
2014-10-23 11:34:31,886 BestMatchCache.java           [ 257] INFO  - Best Match Data Loading completed. <247> configuration lines loaded for <PrefixCache > from <configData/prefixdesc.dat>
2014-10-23 11:34:31,887 BestMatchCache.java           [ 261] INFO  - Loaded <3> base fields and <0> additional data fields
2014-10-23 11:34:31,887 CacheFactory.java             [ 246] INFO  - Loaded  Cacheable Class <PrefixCache>...
2014-10-23 11:34:31,887 CacheFactory.java             [ 411] INFO  - Cache <PrefixCache> is set to auto reload with a period of <0>
2014-10-23 11:34:31,888 CacheFactory.java             [ 431] INFO  - Created Cacheable Class <PrefixCache>
2014-10-23 11:34:31,888 CacheFactory.java             [ 479] INFO  - CacheFactory initialised in 11ms.
2014-10-23 11:34:31,892 Pipeline.java                 [ 316] INFO  - *** Constructing Batch pipeline <Reformat2Pipe> ***
2014-10-23 11:34:31,898 TransactionManager.java       [ 172] INFO  - Starting TransactionManager initialisation for pipeline <Reformat2Pipe>
2014-10-23 11:34:31,898 TransactionManager.java       [ 360] INFO  - Request Start for Transaction manager.
2014-10-23 11:34:31,900 TransactionManager.java       [ 206] INFO  - TransactionManager initialised
2014-10-23 11:34:36,936 JDBCInputAdapter.java         [1134] INFO  - Input  <DBInpAdapter> found <10> events for processing
2014-10-23 11:34:36,997 TransactionManager.java       [ 228] INFO  - Opened transaction <1> for pipeline <Reformat2Pipe>
2014-10-23 11:34:36,997 TransactionManager.java       [ 229] INFO  - Opened transaction <1> for pipeline <Reformat2Pipe>
2014-10-23 11:34:37,542 AbstractOutputAdapter.java    [ 457] INFO  - Output <SOutAdapter> persisted <12> events from a batch of <12> events in <159> ms
2014-10-23 11:34:37,546 TransactionManager.java       [ 265] INFO  - Transaction <1> closed
2014-10-23 11:34:37,546 TransactionManager.java       [ 266] INFO  - Transaction <1> closed
2014-10-23 11:34:37,547 TransactionManager.java       [ 267] INFO  - Statistics: Records  <10>
2014-10-23 11:34:37,547 TransactionManager.java       [ 268] INFO  -             Duration <549> ms
2014-10-23 11:34:37,547 TransactionManager.java       [ 270] INFO  -             Speed    <18> records /sec
2014-10-23 14:09:29,967 ElcRate.java                  [ 592] INFO  - :::: ElcRate Started ::::
2014-10-23 14:09:29,997 ElcRate.java                  [ 603] INFO  - ElcRate Build ElcRate V1.5.2.1, Build 001 (20140508)
2014-10-23 14:09:30,091 MLog.java                     [  80] INFO  - MLog clients using log4j logging.
2014-10-23 14:09:30,465 C3P0Registry.java             [ 204] INFO  - Initializing c3p0-0.9.1.2 [built 21-May-2007 15:04:56; debug? true; trace: 10]
2014-10-23 14:09:30,563 C3P0DataSource.java           [ 181] INFO  - Creating DataSource <eOneRateDB> using driver <oracle.jdbc.driver.OracleDriver> from URL <jdbc:oracle:thin:@(DESCRIPTION=(LOAD_BALANCE=on)(ADDRESS_LIST=(ADDRESS=(PROTOCOL=TCP)(HOST=10.149.3.113)(PORT=1521))(ADDRESS=(PROTOCOL=TCP)(HOST=10.149.3.114)(PORT=1521)))(CONNECT_DATA=(SERVICE_NAME=eonerate)))>
2014-10-23 14:09:30,768 AbstractPoolBackedDataSource.java[ 462] INFO  - Initializing c3p0 pool... com.mchange.v2.c3p0.ComboPooledDataSource [ acquireIncrement -> 3, acquireRetryAttempts -> 30, acquireRetryDelay -> 1000, autoCommitOnClose -> false, automaticTestTable -> null, breakAfterAcquireFailure -> false, checkoutTimeout -> 5000, connectionCustomizerClassName -> null, connectionTesterClassName -> com.mchange.v2.c3p0.impl.DefaultConnectionTester, dataSourceName -> 2xpqmm95glpp701nu0qr0|157fcb0, debugUnreturnedConnectionStackTraces -> false, description -> null, driverClass -> oracle.jdbc.driver.OracleDriver, factoryClassLocation -> null, forceIgnoreUnresolvedTransactions -> false, identityToken -> 2xpqmm95glpp701nu0qr0|157fcb0, idleConnectionTestPeriod -> 60, initialPoolSize -> 3, jdbcUrl -> jdbc:oracle:thin:@(DESCRIPTION=(LOAD_BALANCE=on)(ADDRESS_LIST=(ADDRESS=(PROTOCOL=TCP)(HOST=10.149.3.113)(PORT=1521))(ADDRESS=(PROTOCOL=TCP)(HOST=10.149.3.114)(PORT=1521)))(CONNECT_DATA=(SERVICE_NAME=eonerate))), maxAdministrativeTaskTime -> 0, maxConnectionAge -> 0, maxIdleTime -> 5, maxIdleTimeExcessConnections -> 0, maxPoolSize -> 10, maxStatements -> 25, maxStatementsPerConnection -> 25, minPoolSize -> 3, numHelperThreads -> 3, numThreadsAwaitingCheckoutDefaultUser -> 0, preferredTestQuery -> SELECT 1 FROM DUAL, properties -> {user=******, password=******}, propertyCycle -> 0, testConnectionOnCheckin -> true, testConnectionOnCheckout -> false, unreturnedConnectionTimeout -> 0, usesTraditionalReflectiveProxies -> false ]
2014-10-23 14:09:31,531 DataSourceFactory.java        [ 190] INFO  - Successfully created DataSource <eOneRateDB>
2014-10-23 14:09:31,594 ElcRateSocket.java            [ 155] INFO  - Listener on port <8086> is running...
2014-10-23 14:09:31,637 CacheFactory.java             [ 173] INFO  - Starting CacheFactory initialisation
2014-10-23 14:09:31,638 CacheFactory.java             [ 479] INFO  - CacheFactory initialised in 1ms.
2014-10-23 14:09:31,657 Pipeline.java                 [ 316] INFO  - *** Constructing Batch pipeline <Reformat2Pipe> ***
2014-10-23 14:09:31,748 TransactionManager.java       [ 172] INFO  - Starting TransactionManager initialisation for pipeline <Reformat2Pipe>
2014-10-23 14:09:31,748 TransactionManager.java       [ 360] INFO  - Request Start for Transaction manager.
2014-10-23 14:09:31,751 TransactionManager.java       [ 206] INFO  - TransactionManager initialised
2014-10-23 14:09:31,835 JDBCInputAdapter.java         [1134] INFO  - Input  <DBInpAdapter> found <5> events for processing
2014-10-23 14:09:31,928 TransactionManager.java       [ 228] INFO  - Opened transaction <1> for pipeline <Reformat2Pipe>
2014-10-23 14:09:31,928 TransactionManager.java       [ 229] INFO  - Opened transaction <1> for pipeline <Reformat2Pipe>
2014-10-23 14:09:32,224 AbstractOutputAdapter.java    [ 457] INFO  - Output <SOutAdapter> persisted <7> events from a batch of <7> events in <128> ms
2014-10-23 14:09:32,229 TransactionManager.java       [ 265] INFO  - Transaction <1> closed
2014-10-23 14:09:32,229 TransactionManager.java       [ 266] INFO  - Transaction <1> closed
2014-10-23 14:09:32,230 TransactionManager.java       [ 267] INFO  - Statistics: Records  <5>
2014-10-23 14:09:32,230 TransactionManager.java       [ 268] INFO  -             Duration <301> ms
2014-10-23 14:09:32,230 TransactionManager.java       [ 270] INFO  -             Speed    <16> records /sec
2014-10-23 14:10:12,696 ElcRate.java                  [ 592] INFO  - :::: ElcRate Started ::::
2014-10-23 14:10:12,700 ElcRate.java                  [ 603] INFO  - ElcRate Build ElcRate V1.5.2.1, Build 001 (20140508)
2014-10-23 14:10:12,740 MLog.java                     [  80] INFO  - MLog clients using log4j logging.
2014-10-23 14:10:13,107 C3P0Registry.java             [ 204] INFO  - Initializing c3p0-0.9.1.2 [built 21-May-2007 15:04:56; debug? true; trace: 10]
2014-10-23 14:10:13,168 C3P0DataSource.java           [ 181] INFO  - Creating DataSource <eOneRateDB> using driver <oracle.jdbc.driver.OracleDriver> from URL <jdbc:oracle:thin:@(DESCRIPTION=(LOAD_BALANCE=on)(ADDRESS_LIST=(ADDRESS=(PROTOCOL=TCP)(HOST=10.149.3.113)(PORT=1521))(ADDRESS=(PROTOCOL=TCP)(HOST=10.149.3.114)(PORT=1521)))(CONNECT_DATA=(SERVICE_NAME=eonerate)))>
2014-10-23 14:10:13,311 AbstractPoolBackedDataSource.java[ 462] INFO  - Initializing c3p0 pool... com.mchange.v2.c3p0.ComboPooledDataSource [ acquireIncrement -> 3, acquireRetryAttempts -> 30, acquireRetryDelay -> 1000, autoCommitOnClose -> false, automaticTestTable -> null, breakAfterAcquireFailure -> false, checkoutTimeout -> 5000, connectionCustomizerClassName -> null, connectionTesterClassName -> com.mchange.v2.c3p0.impl.DefaultConnectionTester, dataSourceName -> 2xpqmm95glqm2h1wfuwej|157fcb0, debugUnreturnedConnectionStackTraces -> false, description -> null, driverClass -> oracle.jdbc.driver.OracleDriver, factoryClassLocation -> null, forceIgnoreUnresolvedTransactions -> false, identityToken -> 2xpqmm95glqm2h1wfuwej|157fcb0, idleConnectionTestPeriod -> 60, initialPoolSize -> 3, jdbcUrl -> jdbc:oracle:thin:@(DESCRIPTION=(LOAD_BALANCE=on)(ADDRESS_LIST=(ADDRESS=(PROTOCOL=TCP)(HOST=10.149.3.113)(PORT=1521))(ADDRESS=(PROTOCOL=TCP)(HOST=10.149.3.114)(PORT=1521)))(CONNECT_DATA=(SERVICE_NAME=eonerate))), maxAdministrativeTaskTime -> 0, maxConnectionAge -> 0, maxIdleTime -> 5, maxIdleTimeExcessConnections -> 0, maxPoolSize -> 10, maxStatements -> 25, maxStatementsPerConnection -> 25, minPoolSize -> 3, numHelperThreads -> 3, numThreadsAwaitingCheckoutDefaultUser -> 0, preferredTestQuery -> SELECT 1 FROM DUAL, properties -> {user=******, password=******}, propertyCycle -> 0, testConnectionOnCheckin -> true, testConnectionOnCheckout -> false, unreturnedConnectionTimeout -> 0, usesTraditionalReflectiveProxies -> false ]
2014-10-23 14:10:13,979 DataSourceFactory.java        [ 190] INFO  - Successfully created DataSource <eOneRateDB>
2014-10-23 14:10:13,993 ElcRateSocket.java            [ 155] INFO  - Listener on port <8086> is running...
2014-10-23 14:10:13,993 CacheFactory.java             [ 173] INFO  - Starting CacheFactory initialisation
2014-10-23 14:10:13,994 CacheFactory.java             [ 479] INFO  - CacheFactory initialised in 1ms.
2014-10-23 14:10:14,000 Pipeline.java                 [ 316] INFO  - *** Constructing Batch pipeline <Reformat2Pipe> ***
2014-10-23 14:10:14,012 TransactionManager.java       [ 172] INFO  - Starting TransactionManager initialisation for pipeline <Reformat2Pipe>
2014-10-23 14:10:14,012 TransactionManager.java       [ 360] INFO  - Request Start for Transaction manager.
2014-10-23 14:10:14,014 TransactionManager.java       [ 206] INFO  - TransactionManager initialised
2014-10-23 14:20:54,480 JDBCInputAdapter.java         [1134] INFO  - Input  <DBInpAdapter> found <5> events for processing
2014-10-23 14:20:54,569 TransactionManager.java       [ 228] INFO  - Opened transaction <1> for pipeline <Reformat2Pipe>
2014-10-23 14:20:54,569 TransactionManager.java       [ 229] INFO  - Opened transaction <1> for pipeline <Reformat2Pipe>
2014-10-23 14:20:54,704 AbstractOutputAdapter.java    [ 457] INFO  - Output <SOutAdapter> persisted <7> events from a batch of <7> events in <39> ms
2014-10-23 14:20:54,709 TransactionManager.java       [ 265] INFO  - Transaction <1> closed
2014-10-23 14:20:54,709 TransactionManager.java       [ 266] INFO  - Transaction <1> closed
2014-10-23 14:20:54,709 TransactionManager.java       [ 267] INFO  - Statistics: Records  <5>
2014-10-23 14:20:54,709 TransactionManager.java       [ 268] INFO  -             Duration <141> ms
2014-10-23 14:20:54,710 TransactionManager.java       [ 270] INFO  -             Speed    <35> records /sec
2014-10-23 14:21:24,694 JDBCInputAdapter.java         [1134] INFO  - Input  <DBInpAdapter> found <5> events for processing
2014-10-23 14:21:24,772 TransactionManager.java       [ 228] INFO  - Opened transaction <2> for pipeline <Reformat2Pipe>
2014-10-23 14:21:24,772 TransactionManager.java       [ 229] INFO  - Opened transaction <2> for pipeline <Reformat2Pipe>
2014-10-23 14:21:24,805 AbstractOutputAdapter.java    [ 457] INFO  - Output <SOutAdapter> persisted <7> events from a batch of <7> events in <25> ms
2014-10-23 14:21:24,810 TransactionManager.java       [ 265] INFO  - Transaction <2> closed
2014-10-23 14:21:24,810 TransactionManager.java       [ 266] INFO  - Transaction <2> closed
2014-10-23 14:21:24,811 TransactionManager.java       [ 267] INFO  - Statistics: Records  <5>
2014-10-23 14:21:24,811 TransactionManager.java       [ 268] INFO  -             Duration <38> ms
2014-10-23 14:21:24,811 TransactionManager.java       [ 270] INFO  -             Speed    <131> records /sec
2014-10-23 14:23:49,865 JDBCInputAdapter.java         [1134] INFO  - Input  <DBInpAdapter> found <5> events for processing
2014-10-23 14:23:49,901 TransactionManager.java       [ 228] INFO  - Opened transaction <3> for pipeline <Reformat2Pipe>
2014-10-23 14:23:49,901 TransactionManager.java       [ 229] INFO  - Opened transaction <3> for pipeline <Reformat2Pipe>
2014-10-23 14:23:49,928 AbstractOutputAdapter.java    [ 457] INFO  - Output <SOutAdapter> persisted <7> events from a batch of <7> events in <23> ms
2014-10-23 14:23:49,942 TransactionManager.java       [ 265] INFO  - Transaction <3> closed
2014-10-23 14:23:49,942 TransactionManager.java       [ 266] INFO  - Transaction <3> closed
2014-10-23 14:23:49,943 TransactionManager.java       [ 267] INFO  - Statistics: Records  <5>
2014-10-23 14:23:49,943 TransactionManager.java       [ 268] INFO  -             Duration <42> ms
2014-10-23 14:23:49,943 TransactionManager.java       [ 270] INFO  -             Speed    <119> records /sec
2014-10-23 14:36:19,579 ElcRate.java                  [ 592] INFO  - :::: ElcRate Started ::::
2014-10-23 14:36:19,583 ElcRate.java                  [ 603] INFO  - ElcRate Build ElcRate V1.5.2.1, Build 001 (20140508)
2014-10-23 14:36:19,624 MLog.java                     [  80] INFO  - MLog clients using log4j logging.
2014-10-23 14:36:19,931 C3P0Registry.java             [ 204] INFO  - Initializing c3p0-0.9.1.2 [built 21-May-2007 15:04:56; debug? true; trace: 10]
2014-10-23 14:36:19,993 C3P0DataSource.java           [ 181] INFO  - Creating DataSource <eOneRateDB> using driver <oracle.jdbc.driver.OracleDriver> from URL <jdbc:oracle:thin:@(DESCRIPTION=(LOAD_BALANCE=on)(ADDRESS_LIST=(ADDRESS=(PROTOCOL=TCP)(HOST=10.149.3.113)(PORT=1521))(ADDRESS=(PROTOCOL=TCP)(HOST=10.149.3.114)(PORT=1521)))(CONNECT_DATA=(SERVICE_NAME=eonerate)))>
2014-10-23 14:36:20,142 AbstractPoolBackedDataSource.java[ 462] INFO  - Initializing c3p0 pool... com.mchange.v2.c3p0.ComboPooledDataSource [ acquireIncrement -> 3, acquireRetryAttempts -> 30, acquireRetryDelay -> 1000, autoCommitOnClose -> false, automaticTestTable -> null, breakAfterAcquireFailure -> false, checkoutTimeout -> 5000, connectionCustomizerClassName -> null, connectionTesterClassName -> com.mchange.v2.c3p0.impl.DefaultConnectionTester, dataSourceName -> 2xpqmm95gmo7311xomi65|157fcb0, debugUnreturnedConnectionStackTraces -> false, description -> null, driverClass -> oracle.jdbc.driver.OracleDriver, factoryClassLocation -> null, forceIgnoreUnresolvedTransactions -> false, identityToken -> 2xpqmm95gmo7311xomi65|157fcb0, idleConnectionTestPeriod -> 60, initialPoolSize -> 3, jdbcUrl -> jdbc:oracle:thin:@(DESCRIPTION=(LOAD_BALANCE=on)(ADDRESS_LIST=(ADDRESS=(PROTOCOL=TCP)(HOST=10.149.3.113)(PORT=1521))(ADDRESS=(PROTOCOL=TCP)(HOST=10.149.3.114)(PORT=1521)))(CONNECT_DATA=(SERVICE_NAME=eonerate))), maxAdministrativeTaskTime -> 0, maxConnectionAge -> 0, maxIdleTime -> 5, maxIdleTimeExcessConnections -> 0, maxPoolSize -> 10, maxStatements -> 25, maxStatementsPerConnection -> 25, minPoolSize -> 3, numHelperThreads -> 3, numThreadsAwaitingCheckoutDefaultUser -> 0, preferredTestQuery -> SELECT 1 FROM DUAL, properties -> {user=******, password=******}, propertyCycle -> 0, testConnectionOnCheckin -> true, testConnectionOnCheckout -> false, unreturnedConnectionTimeout -> 0, usesTraditionalReflectiveProxies -> false ]
2014-10-23 14:36:21,102 DataSourceFactory.java        [ 190] INFO  - Successfully created DataSource <eOneRateDB>
2014-10-23 14:36:21,110 ElcRateSocket.java            [ 155] INFO  - Listener on port <8086> is running...
2014-10-23 14:36:21,116 CacheFactory.java             [ 173] INFO  - Starting CacheFactory initialisation
2014-10-23 14:36:21,117 CacheFactory.java             [ 479] INFO  - CacheFactory initialised in 1ms.
2014-10-23 14:36:21,122 Pipeline.java                 [ 316] INFO  - *** Constructing Batch pipeline <Reformat2Pipe> ***
2014-10-23 14:36:21,134 TransactionManager.java       [ 172] INFO  - Starting TransactionManager initialisation for pipeline <Reformat2Pipe>
2014-10-23 14:36:21,134 TransactionManager.java       [ 360] INFO  - Request Start for Transaction manager.
2014-10-23 14:36:21,136 TransactionManager.java       [ 206] INFO  - TransactionManager initialised
2014-10-23 14:36:31,261 JDBCInputAdapter.java         [1134] INFO  - Input  <DBInpAdapter> found <5> events for processing
2014-10-23 14:36:31,342 TransactionManager.java       [ 228] INFO  - Opened transaction <1> for pipeline <Reformat2Pipe>
2014-10-23 14:36:31,342 TransactionManager.java       [ 229] INFO  - Opened transaction <1> for pipeline <Reformat2Pipe>
2014-10-23 14:36:31,430 RateRecord.java               [ 307] INFO  - TODO: Map InputRecord to object: 84943841473|1|17/10/2014 16:26:37|16/10/2014 10:25:55|0|0|973794213|null|null|0|0|0|0|452021152931073|84910100404|null|0|0|0|0|0|0|0084973794213|117421|410|10003@@@@@@@@@@@|1|30225|8491020466|2|30071|1432|3
2014-10-23 14:36:31,434 RateRecord.java               [ 307] INFO  - TODO: Map InputRecord to object: 84943841473|1|17/10/2014 16:26:37|16/10/2014 10:26:13|0|0|973794213|null|null|0|0|0|0|452021152931073|84910100404|null|0|0|0|0|0|0|0084973794213|117421|411|10003@@@@@@@@@@@|1|30225|8491020466|2|30071|1433|3
2014-10-23 14:36:31,435 RateRecord.java               [ 307] INFO  - TODO: Map InputRecord to object: 84943841473|1|17/10/2014 16:26:37|16/10/2014 10:29:45|0|0|973794213|null|null|0|0|0|0|452021152931073|84910100404|null|0|0|0|0|0|0|0084973794213|117421|412|10003@@@@@@@@@@@|1|30225|8491020466|2|30071|1434|3
2014-10-23 14:36:31,436 RateRecord.java               [ 307] INFO  - TODO: Map InputRecord to object: 84943841473|1|17/10/2014 16:26:37|16/10/2014 10:33:42|108|108|973794213|null|null|1603.28|51|0|0|452021152931079|84910100403|null|0|0|0|0|0|0|0084973794213|117421|413|10003@@@@@@@@@@@|1|30225|8491020466|2|30071|1435|3
2014-10-23 14:36:31,437 RateRecord.java               [ 307] INFO  - TODO: Map InputRecord to object: 84943841473|1|17/10/2014 16:26:37|16/10/2014 10:36:05|294|294|973794213|null|null|4364.45|51|0|0|452021152931073|84910100404|null|0|0|0|0|0|0|0084973794213|117421|414|10003@@@@@@@@@@@|1|30225|8491020466|2|30071|1436|3
2014-10-23 14:36:31,451 RateRecord.java               [1224] INFO  - DONE: Create Output record: VOI|0000000705|0|0|OR_RSLT_UNPROCESSED(0)|||slu999|1410393600|1410393601|1410393620|84943841473|973794213|84943841473|1|84102||1|0|2|10477|30012|||16|4520200003500100|0|0.000000|420|2||0.000000||||||||||||||||||||||||4520200003500100|-1|-1|52|0|||||-|O|||1|||||||||||||||||||||||||||||||||||||||||||||||||||||234|156|161|164|1||||973794213|973794213|0|1||||||
2014-10-23 14:36:31,458 RateRecord.java               [1224] INFO  - DONE: Create Output record: VOI|0000000706|0|0|OR_RSLT_UNPROCESSED(0)|||slu999|1410393600|1410393601|1410393620|84943841473|973794213|84943841473|1|84102||1|0|2|10477|30012|||16|4520200003500100|0|0.000000|420|2||0.000000||||||||||||||||||||||||4520200003500100|-1|-1|52|0|||||-|O|||1|||||||||||||||||||||||||||||||||||||||||||||||||||||234|156|161|164|1||||973794213|973794213|0|1||||||
2014-10-23 14:36:31,460 RateRecord.java               [1224] INFO  - DONE: Create Output record: VOI|0000000707|0|0|OR_RSLT_UNPROCESSED(0)|||slu999|1410393600|1410393601|1410393620|84943841473|973794213|84943841473|1|84102||1|0|2|10477|30012|||16|4520200003500100|0|0.000000|420|2||0.000000||||||||||||||||||||||||4520200003500100|-1|-1|52|0|||||-|O|||1|||||||||||||||||||||||||||||||||||||||||||||||||||||234|156|161|164|1||||973794213|973794213|0|1||||||
2014-10-23 14:36:31,464 RateRecord.java               [1224] INFO  - DONE: Create Output record: VOI|0000000708|0|0|OR_RSLT_UNPROCESSED(0)|||slu999|1410393600|1410393601|1410393620|84943841473|973794213|84943841473|1|84102||1|0|2|10477|30012|||16|4520200003500100|0|0.000000|420|2||0.000000||||||||||||||||||||||||4520200003500100|-1|-1|52|0|||||-|O|||1|||||||||||||||||||||||||||||||||||||||||||||||||||||234|156|161|164|1||||973794213|973794213|0|1||||||
2014-10-23 14:36:31,470 RateRecord.java               [1224] INFO  - DONE: Create Output record: VOI|0000000709|0|0|OR_RSLT_UNPROCESSED(0)|||slu999|1410393600|1410393601|1410393620|84943841473|973794213|84943841473|1|84102||1|0|2|10477|30012|||16|4520200003500100|0|0.000000|420|2||0.000000||||||||||||||||||||||||4520200003500100|-1|-1|52|0|||||-|O|||1|||||||||||||||||||||||||||||||||||||||||||||||||||||234|156|161|164|1||||973794213|973794213|0|1||||||
2014-10-23 14:36:31,472 AbstractOutputAdapter.java    [ 457] INFO  - Output <SOutAdapter> persisted <7> events from a batch of <7> events in <33> ms
2014-10-23 14:36:31,477 TransactionManager.java       [ 265] INFO  - Transaction <1> closed
2014-10-23 14:36:31,477 TransactionManager.java       [ 266] INFO  - Transaction <1> closed
2014-10-23 14:36:31,477 TransactionManager.java       [ 267] INFO  - Statistics: Records  <5>
2014-10-23 14:36:31,477 TransactionManager.java       [ 268] INFO  -             Duration <135> ms
2014-10-23 14:36:31,478 TransactionManager.java       [ 270] INFO  -             Speed    <37> records /sec
2014-10-23 14:37:29,728 ElcRate.java                  [ 592] INFO  - :::: ElcRate Started ::::
2014-10-23 14:37:29,732 ElcRate.java                  [ 603] INFO  - ElcRate Build ElcRate V1.5.2.1, Build 001 (20140508)
2014-10-23 14:37:29,773 MLog.java                     [  80] INFO  - MLog clients using log4j logging.
2014-10-23 14:37:30,155 C3P0Registry.java             [ 204] INFO  - Initializing c3p0-0.9.1.2 [built 21-May-2007 15:04:56; debug? true; trace: 10]
2014-10-23 14:37:30,217 C3P0DataSource.java           [ 181] INFO  - Creating DataSource <eOneRateDB> using driver <oracle.jdbc.driver.OracleDriver> from URL <jdbc:oracle:thin:@(DESCRIPTION=(LOAD_BALANCE=on)(ADDRESS_LIST=(ADDRESS=(PROTOCOL=TCP)(HOST=10.149.3.113)(PORT=1521))(ADDRESS=(PROTOCOL=TCP)(HOST=10.149.3.114)(PORT=1521)))(CONNECT_DATA=(SERVICE_NAME=eonerate)))>
2014-10-23 14:37:30,427 AbstractPoolBackedDataSource.java[ 462] INFO  - Initializing c3p0 pool... com.mchange.v2.c3p0.ComboPooledDataSource [ acquireIncrement -> 3, acquireRetryAttempts -> 30, acquireRetryDelay -> 1000, autoCommitOnClose -> false, automaticTestTable -> null, breakAfterAcquireFailure -> false, checkoutTimeout -> 5000, connectionCustomizerClassName -> null, connectionTesterClassName -> com.mchange.v2.c3p0.impl.DefaultConnectionTester, dataSourceName -> 2xpqmm95gmpp9dpyuzp6|12a0b8e, debugUnreturnedConnectionStackTraces -> false, description -> null, driverClass -> oracle.jdbc.driver.OracleDriver, factoryClassLocation -> null, forceIgnoreUnresolvedTransactions -> false, identityToken -> 2xpqmm95gmpp9dpyuzp6|12a0b8e, idleConnectionTestPeriod -> 60, initialPoolSize -> 3, jdbcUrl -> jdbc:oracle:thin:@(DESCRIPTION=(LOAD_BALANCE=on)(ADDRESS_LIST=(ADDRESS=(PROTOCOL=TCP)(HOST=10.149.3.113)(PORT=1521))(ADDRESS=(PROTOCOL=TCP)(HOST=10.149.3.114)(PORT=1521)))(CONNECT_DATA=(SERVICE_NAME=eonerate))), maxAdministrativeTaskTime -> 0, maxConnectionAge -> 0, maxIdleTime -> 5, maxIdleTimeExcessConnections -> 0, maxPoolSize -> 10, maxStatements -> 25, maxStatementsPerConnection -> 25, minPoolSize -> 3, numHelperThreads -> 3, numThreadsAwaitingCheckoutDefaultUser -> 0, preferredTestQuery -> SELECT 1 FROM DUAL, properties -> {user=******, password=******}, propertyCycle -> 0, testConnectionOnCheckin -> true, testConnectionOnCheckout -> false, unreturnedConnectionTimeout -> 0, usesTraditionalReflectiveProxies -> false ]
2014-10-23 14:37:31,248 DataSourceFactory.java        [ 190] INFO  - Successfully created DataSource <eOneRateDB>
2014-10-23 14:37:31,260 ElcRateSocket.java            [ 155] INFO  - Listener on port <8086> is running...
2014-10-23 14:37:31,261 CacheFactory.java             [ 173] INFO  - Starting CacheFactory initialisation
2014-10-23 14:37:31,261 CacheFactory.java             [ 479] INFO  - CacheFactory initialised in 0ms.
2014-10-23 14:37:31,269 Pipeline.java                 [ 316] INFO  - *** Constructing Batch pipeline <Reformat2Pipe> ***
2014-10-23 14:37:31,281 TransactionManager.java       [ 172] INFO  - Starting TransactionManager initialisation for pipeline <Reformat2Pipe>
2014-10-23 14:37:31,281 TransactionManager.java       [ 360] INFO  - Request Start for Transaction manager.
2014-10-23 14:37:31,283 TransactionManager.java       [ 206] INFO  - TransactionManager initialised
2014-10-23 14:37:51,350 JDBCInputAdapter.java         [1134] INFO  - Input  <DBInpAdapter> found <5> events for processing
2014-10-23 14:37:51,447 TransactionManager.java       [ 228] INFO  - Opened transaction <1> for pipeline <Reformat2Pipe>
2014-10-23 14:37:51,447 TransactionManager.java       [ 229] INFO  - Opened transaction <1> for pipeline <Reformat2Pipe>
2014-10-23 14:37:51,541 RateRecord.java               [ 307] INFO  - TODO: Map InputRecord to object: 84943841473|1|17/10/2014 16:26:37|16/10/2014 10:25:55|0|0|973794213|null|null|0|0|0|0|452021152931073|84910100404|null|0|0|0|0|0|0|0084973794213|117421|410|10003@@@@@@@@@@@|1|30225|8491020466|2|30071|1432|3
2014-10-23 14:37:51,547 RateRecord.java               [ 307] INFO  - TODO: Map InputRecord to object: 84943841473|1|17/10/2014 16:26:37|16/10/2014 10:26:13|0|0|973794213|null|null|0|0|0|0|452021152931073|84910100404|null|0|0|0|0|0|0|0084973794213|117421|411|10003@@@@@@@@@@@|1|30225|8491020466|2|30071|1433|3
2014-10-23 14:37:51,548 RateRecord.java               [ 307] INFO  - TODO: Map InputRecord to object: 84943841473|1|17/10/2014 16:26:37|16/10/2014 10:29:45|0|0|973794213|null|null|0|0|0|0|452021152931073|84910100404|null|0|0|0|0|0|0|0084973794213|117421|412|10003@@@@@@@@@@@|1|30225|8491020466|2|30071|1434|3
2014-10-23 14:37:51,549 RateRecord.java               [ 307] INFO  - TODO: Map InputRecord to object: 84943841473|1|17/10/2014 16:26:37|16/10/2014 10:33:42|108|108|973794213|null|null|1603.28|51|0|0|452021152931079|84910100403|null|0|0|0|0|0|0|0084973794213|117421|413|10003@@@@@@@@@@@|1|30225|8491020466|2|30071|1435|3
2014-10-23 14:37:51,550 RateRecord.java               [ 307] INFO  - TODO: Map InputRecord to object: 84943841473|1|17/10/2014 16:26:37|16/10/2014 10:36:05|294|294|973794213|null|null|4364.45|51|0|0|452021152931073|84910100404|null|0|0|0|0|0|0|0084973794213|117421|414|10003@@@@@@@@@@@|1|30225|8491020466|2|30071|1436|3
2014-10-23 14:37:51,562 RateRecord.java               [1224] INFO  - DONE: Create Output record: VOI|0000000710|0|0|OR_RSLT_UNPROCESSED(0)|||slu999|1410393600|1410393601|1410393620|84943841473|973794213|84943841473|1|84102||1|0|2|10477|30012|||16|4520200003500100|0|0.000000|420|2||0.000000||||||||||||||||||||||||4520200003500100|-1|-1|52|0|||||-|O|||1|||||||||||||||||||||||||||||||||||||||||||||||||||||234|156|161|164|1||||973794213|973794213|0|1||||||
2014-10-23 14:37:51,572 RateRecord.java               [1224] INFO  - DONE: Create Output record: VOI|0000000711|0|0|OR_RSLT_UNPROCESSED(0)|||slu999|1410393600|1410393601|1410393620|84943841473|973794213|84943841473|1|84102||1|0|2|10477|30012|||16|4520200003500100|0|0.000000|420|2||0.000000||||||||||||||||||||||||4520200003500100|-1|-1|52|0|||||-|O|||1|||||||||||||||||||||||||||||||||||||||||||||||||||||234|156|161|164|1||||973794213|973794213|0|1||||||
2014-10-23 14:37:51,577 RateRecord.java               [1224] INFO  - DONE: Create Output record: VOI|0000000712|0|0|OR_RSLT_UNPROCESSED(0)|||slu999|1410393600|1410393601|1410393620|84943841473|973794213|84943841473|1|84102||1|0|2|10477|30012|||16|4520200003500100|0|0.000000|420|2||0.000000||||||||||||||||||||||||4520200003500100|-1|-1|52|0|||||-|O|||1|||||||||||||||||||||||||||||||||||||||||||||||||||||234|156|161|164|1||||973794213|973794213|0|1||||||
2014-10-23 14:37:51,580 RateRecord.java               [1224] INFO  - DONE: Create Output record: VOI|0000000713|0|0|OR_RSLT_UNPROCESSED(0)|||slu999|1410393600|1410393601|1410393620|84943841473|973794213|84943841473|1|84102||1|0|2|10477|30012|||16|4520200003500100|0|0.000000|420|2||0.000000||||||||||||||||||||||||4520200003500100|-1|-1|52|0|||||-|O|||1|||||||||||||||||||||||||||||||||||||||||||||||||||||234|156|161|164|1||||973794213|973794213|0|1||||||
2014-10-23 14:37:51,584 RateRecord.java               [1224] INFO  - DONE: Create Output record: VOI|0000000714|0|0|OR_RSLT_UNPROCESSED(0)|||slu999|1410393600|1410393601|1410393620|84943841473|973794213|84943841473|1|84102||1|0|2|10477|30012|||16|4520200003500100|0|0.000000|420|2||0.000000||||||||||||||||||||||||4520200003500100|-1|-1|52|0|||||-|O|||1|||||||||||||||||||||||||||||||||||||||||||||||||||||234|156|161|164|1||||973794213|973794213|0|1||||||
2014-10-23 14:37:51,589 AbstractOutputAdapter.java    [ 457] INFO  - Output <SOutAdapter> persisted <7> events from a batch of <7> events in <37> ms
2014-10-23 14:37:51,593 TransactionManager.java       [ 265] INFO  - Transaction <1> closed
2014-10-23 14:37:51,594 TransactionManager.java       [ 266] INFO  - Transaction <1> closed
2014-10-23 14:37:51,594 TransactionManager.java       [ 267] INFO  - Statistics: Records  <5>
2014-10-23 14:37:51,594 TransactionManager.java       [ 268] INFO  -             Duration <146> ms
2014-10-23 14:37:51,594 TransactionManager.java       [ 270] INFO  -             Speed    <34> records /sec
